[auth] Logging in to Amazon as …***.com
[auth] headless=False
[auth] Navigating to signin page…
[trace] on signin page: url='https://www.amazon.in/ax/claim?arb=20c5da07-49a6-4fcd-868f-ec9f40dd0da9'
[trace] on signin page: title='Amazon Sign-In'
[trace] on signin page: heading='Sign in or create account'
[auth] Email/phone entered.
[auth] Clicked Continue.
[trace] after Continue: url='https://www.amazon.in/ax/claim?policy_handle=Retail-Checkout&openid.return_to=https%3A%2F%2Fwww.amazon.in%2Fyour-orders%2Forders&openid.ns=http%3A%2F%2Fspecs.openid.net%2Fauth%2F2.0&arb=f447026b-550a-4217-a2fc-5be616bbc322&openid.assoc_handle=inflex&openid.mode=checkid_setup'
[trace] after Continue: title='Amazon Sign In'
[trace] after Continue: heading='Sign in'
[auth] Password entered.
[auth] Clicked Sign-In.
[trace] after Sign-In: url='https://www.amazon.in/ap/mfa?ie=UTF8&arb=533f6d99-1c66-4224-a763-16c3ee73faaa&mfa.arb.value=533f6d99-1c66-4224-a763-16c3ee73faaa&mfa.arb.key=arb'
[trace] after Sign-In: title='Two-Step Verification'
[trace] after Sign-In: heading='Two-Step Verification'
[auth] Checking for OTP / 2-step verification screen…
[auth] Two-step verification flow detected — advancing to code entry.
[trace] 2SV chooser: url='https://www.amazon.in/ap/mfa?ie=UTF8&arb=533f6d99-1c66-4224-a763-16c3ee73faaa&mfa.arb.value=533f6d99-1c66-4224-a763-16c3ee73faaa&mfa.arb.key=arb'
[trace] 2SV chooser: title='Two-Step Verification'
[trace] 2SV chooser: heading='Two-Step Verification'
[auth] OTP input detected — Amazon is asking for 2-step verification.
[trace] OTP screen: url='https://www.amazon.in/ap/mfa?ie=UTF8&arb=533f6d99-1c66-4224-a763-16c3ee73faaa&mfa.arb.value=533f6d99-1c66-4224-a763-16c3ee73faaa&mfa.arb.key=arb'
[trace] OTP screen: title='Two-Step Verification'
[trace] OTP screen: heading='Two-Step Verification'
[auth] Amazon prompted for OTP. Polling Salesforce Purchase_Info__c.my_amazon_otp__c every 5s (max 180s)…
[auth] ACTION REQUIRED: open Salesforce → Purchase_Info__c → set my_amazon_otp__c to the OTP that Amazon just emailed/SMS'd, then save.
[auth] Salesforce OTP poll 1/36 (t=0s) failed: Salesforce OAuth failed: 404 
[auth] Salesforce OTP poll 1/36 (t=0s) → error; sleeping 5s…
[auth] Salesforce OTP poll 2/36 (t=5s) failed: Salesforce OAuth failed: 404 
[auth] Salesforce OTP poll 2/36 (t=5s) → error; sleeping 5s…
[auth] Salesforce OTP poll 3/36 (t=10s) failed: Salesforce OAuth failed: 404 
[auth] Salesforce OTP poll 3/36 (t=10s) → error; sleeping 5s…
[salesforce] Obtained access token via client_credentials grant.
[salesforce] OTP query → HTTP 200, records=0
[auth] Salesforce OTP poll 4/36 (t=15s) → empty; sleeping 5s…
[salesforce] OTP query → HTTP 200, records=0
[auth] Salesforce OTP poll 5/36 (t=20s) → empty; sleeping 5s…
[salesforce] OTP query → HTTP 200, records=0
[auth] Salesforce OTP poll 6/36 (t=25s) → empty; sleeping 5s…
[salesforce] OTP query → HTTP 200, records=1
[salesforce] OTP found on record a08dM00000hDWKgQAO (length=6).
[auth] OTP received from Salesforce on attempt 7/36 (t=30s).
[auth] OTP filled into Amazon (6 digits). Submitting…
[auth] Clicked OTP submit button.
[trace] after OTP submit: url='https://www.amazon.in/your-orders/orders'
[trace] after OTP submit: title='Your Orders'
[trace] after OTP submit: heading='Skip to'
[salesforce] Clearing my_amazon_otp__c on record a08dM00000hDWKgQAO…
[salesforce] Clear OTP → HTTP 204.
[auth] Cleared OTP from Salesforce.
[trace] post-login final state: url='https://www.amazon.in/your-orders/orders'
[trace] post-login final state: title='Your Orders'
[trace] post-login final state: heading='Skip to'
[auth] is_logged_in=True — account nav element present at https://www.amazon.in/your-orders/orders
[auth] Amazon login successful.
[nav] Navigating home to set delivery location…
[location] Looking for saved address containing '82, Flat No 6'…
[location] Found address but click failed (Locator.click: Timeout 5000ms exceeded.
Call log:
  - waiting for locator("#GLUXAddressList, #glow-toaster-content").get_by_text("82, Flat No 6").first
    - locator resolved to <span class="a-text-normal"> 82, Flat No 6, 3rd Floor, Rohini Enclave 16th Cr…</span>
  - attempting click action
    2 × waiting for element to be visible, enabled and stable
      - element is visible, enabled and stable
      - scrolling into view if needed
      - done scrolling
      - <input type="submit" aria-pressed="false" class="a-button-input" deliverydestinationtype="CUSTOMER_ADDRESS" name="AIOJO4O35WQCZHSHX3NIG12JMQ6MRM9ONA3INO9MRM6QMJ1PXTQ2EYA2OXRE2WC7:0:oosnssjrmllq" aria-label="ARTI KUMARI 82, Flat No 6, 3rd Floor, Rohini Enclave 16th Cross Sanjay Nagar, BENGALURU KARNATAKA 560094"/> intercepts pointer events
    - retrying click action
    - waiting 20ms
    2 × waiting for element to be visible, enabled and stable
      - element is visible, enabled and stable
      - scrolling into view if needed
      - done scrolling
      - <input type="submit" aria-pressed="false" class="a-button-input" deliverydestinationtype="CUSTOMER_ADDRESS" name="AIOJO4O35WQCZHSHX3NIG12JMQ6MRM9ONA3INO9MRM6QMJ1PXTQ2EYA2OXRE2WC7:0:oosnssjrmllq" aria-label="ARTI KUMARI 82, Flat No 6, 3rd Floor, Rohini Enclave 16th Cross Sanjay Nagar, BENGALURU KARNATAKA 560094"/> intercepts pointer events
    - retrying click action
      - waiting 100ms
    9 × waiting for element to be visible, enabled and stable
      - element is visible, enabled and stable
      - scrolling into view if needed
      - done scrolling
      - <input type="submit" aria-pressed="false" class="a-button-input" deliverydestinationtype="CUSTOMER_ADDRESS" name="AIOJO4O35WQCZHSHX3NIG12JMQ6MRM9ONA3INO9MRM6QMJ1PXTQ2EYA2OXRE2WC7:0:oosnssjrmllq" aria-label="ARTI KUMARI 82, Flat No 6, 3rd Floor, Rohini Enclave 16th Cross Sanjay Nagar, BENGALURU KARNATAKA 560094"/> intercepts pointer events
    - retrying click action
      - waiting 500ms
).
[location] Falling back to pincode 560094.
[location] Setting delivery pincode to 560094…
[location] Delivery location confirmed: 'Bengaluru 560094\u200c'.

[cart] Searching Fresh for 'Aashirvaad Atta with Multigrains, 5kg pack, The High Fibre Atta'…
[cart] Scanned 12 result(s):
         • [B009BA7S8M] Atta with Multigrains, 5kg pack, The High Fibre Atta
         • [B0CJ9P6DQB] Atta with Millets, 5kg pack | Nutrient-Rich & High Fibre Atta | 25% Millets
         • [B00K0LUSSS] Superior MP Atta, 5kg Pack
         • [B00NBSEXWY] Atta with Multigrains, 1kg pack | High Fibre & High Protein Multigrain Atta | 6 Natural Gr
         • [B0FPGBHY8Q] Atta with High Protein, 5kg
         • [B0G2YNSQ1K] Multigrain Atta 5Kg I Power of 8 Supergrains | High in Protein & Iron | Soft & Healthy Rot
         • [B0DW4HBSKR] High Protein Multigrain+ Atta, 5kg | 30% MORE protein |0% Maida| High Fibre Atta | Low GI 
         • [B00HUJQIZK] Select Premium Sharbati Atta, 5kg
         • [B0CLTZH4F1] Multigrain Atta 5 KG | Low GI | Sugar Control | 8-in-1 multigrain flour, sharbati wheat, r
         • [B0CJ9ND7P2] Atta with Millets, 1kg pack | Nutrient-Rich & High Fibre Atta | 25% Millets
         • [B06XDCQYQX] Sugar Release Control Atta, 5kg Pack, Low GI Atta
         • [B00S0MVV62] Multigrain Wheat Atta | 100% Wholegrain Atta | Upto 6 hours of Softness| 7 Natural Grains 
[cart] Match for 'Aashirvaad Atta with Multigrains, 5kg pack, The High Fibre Atta': 'Atta with Multigrains, 5kg pack, The High Fibre Atta' @ 0.90
[cart] Added (cart 8 → 9).

[cart] Done: 1 added, 0 not matched, cart now holds 9 item(s).

#     Requested                                 Matched                                   Score   Added
----------------------------------------------------------------------------------------------------
1     Aashirvaad Atta with Multigrains, 5kg     Atta with Multigrains, 5kg pack, The H    0.901   yes
